Arguments: 
  /home/willxing/.nvm/versions/node/v10.16.1/bin/node /home/willxing/.nvm/versions/node/v10.16.1/bin/yarn

PATH: 
  /home/willxing/.nvm/versions/node/v10.16.1/bin:/usr/local/sbin:/usr/local/bin:/usr/sbin:/usr/bin:/sbin:/bin:/usr/games:/usr/local/games:/mnt/c/Program Files/WindowsApps/CanonicalGroupLimited.UbuntuonWindows_1804.2019.521.0_x64__79rhkp1fndgsc:/mnt/c/Windows/system32:/mnt/c/Windows:/mnt/c/Windows/System32/Wbem:/mnt/c/Windows/System32/WindowsPowerShell/v1.0/:/mnt/c/Windows/System32/OpenSSH/:/mnt/c/Users/willx/AppData/Local/Microsoft/WindowsApps:/mnt/c/Users/willx/AppData/Local/Programs/Microsoft VS Code/bin:/snap/bin

Yarn version: 
  1.17.3

Node version: 
  10.16.1

Platform: 
  linux x64

Trace: 
  Error: EPERM: operation not permitted, copyfile '/home/willxing/.cache/yarn/v4/npm-accepts-1.3.7-531bc726517a3b2b41f850021c6cc15eaab507cd/node_modules/accepts/HISTORY.md' -> '/mnt/c/projects/CryptoMarketWebApp/node_modules/accepts/HISTORY.md'

npm manifest: 
  {
    "name": "cryptomarketwebapp",
    "version": "1.0.0",
    "description": "**Bounty Description**:",
    "main": "index.js",
    "scripts": {
      "start_data_fetch": "node backend/index.js",
      "test": "echo \"Error: no test specified\" && exit 1"
    },
    "repository": {
      "type": "git",
      "url": "git@github.com:WillXing/CryptoMarketWebApp.git"
    },
    "author": "",
    "license": "ISC",
    "dependencies": {
      "bluzelle": "^0.6.530",
      "phin": "^3.4.0"
    }
  }

yarn manifest: 
  No manifest

Lockfile: 
  No lockfile
